Downloading/unpacking Django==1.6.2

  Getting page http://pypi.python.org/simple/Django
  URLs to search for versions for Django==1.6.2:
  * http://pypi.python.org/simple/Django/1.6.2
  * http://pypi.python.org/simple/Django/
  Getting page http://pypi.python.org/simple/Django/1.6.2
  Getting page http://pypi.python.org/simple/Django/
  Could not fetch URL http://pypi.python.org/simple/Django/1.6.2: HTTP Error 404: Not Found
  Will skip URL http://pypi.python.org/simple/Django/1.6.2 when looking for download links for Django==1.6.2
  Analyzing links from page https://pypi.python.org/simple/Django/
    Skipping link https://pypi.python.org/packages/any/D/Django/Django-1.5.2-py2.py3-none-any.whl#md5=07f0d2d42162945d0ad031fc9737847d (from https://pypi.python.org/simple/Django/); unknown archive format: .whl
    Skipping link https://pypi.python.org/packages/any/D/Django/Django-1.6.1-py2.py3-none-any.whl#md5=c7b7a4437b36400f1c23953e9700fd29 (from https://pypi.python.org/simple/Django/); unknown archive format: .whl
    Skipping link https://pypi.python.org/packages/any/D/Django/Django-1.6.2-py2.py3-none-any.whl#md5=3bd014923e85df771b34d12c0ab3c9e1 (from https://pypi.python.org/simple/Django/); unknown archive format: .whl
    Skipping link https://pypi.python.org/packages/py2.py3/D/Django/Django-1.6-py2.py3-none-any.whl#md5=1078059a13d83a091e952917d22da9af (from https://pypi.python.org/simple/Django/); unknown archive format: .whl
    Found link https://pypi.python.org/packages/source/D/Django/Django-1.1.3.tar.gz#md5=52848c23dbc120fe0b2a8e7189b20306 (from https://pypi.python.org/simple/Django/), version: 1.1.3
    Found link https://pypi.python.org/packages/source/D/Django/Django-1.1.4.tar.gz#md5=e818668acc4de944f85e494ac80f1e7d (from https://pypi.python.org/simple/Django/), version: 1.1.4
    Found link https://pypi.python.org/packages/source/D/Django/Django-1.2.1.tar.gz#md5=2351efb20f6b7b5d9ce80fa4cb1bd9ca (from https://pypi.python.org/simple/Django/), version: 1.2.1
    Found link https://pypi.python.org/packages/source/D/Django/Django-1.2.2.tar.gz#md5=9cdbf79a31988ace9ef2ab4ede890136 (from https://pypi.python.org/simple/Django/), version: 1.2.2
    Found link https://pypi.python.org/packages/source/D/Django/Django-1.2.3.tar.gz#md5=10bfb5831bcb4d3b1e6298d0e41d6603 (from https://pypi.python.org/simple/Django/), version: 1.2.3
    Found link https://pypi.python.org/packages/source/D/Django/Django-1.2.4.tar.gz#md5=b0e67d3d6447f7eb1ce6392b9465a183 (from https://pypi.python.org/simple/Django/), version: 1.2.4
    Found link https://pypi.python.org/packages/source/D/Django/Django-1.2.5.tar.gz#md5=e031ea3d00996035e49e4bfa86e07c40 (from https://pypi.python.org/simple/Django/), version: 1.2.5
    Found link https://pypi.python.org/packages/source/D/Django/Django-1.2.6.tar.gz#md5=bff9fc7d871c0b5e6ce1a7babd16847b (from https://pypi.python.org/simple/Django/), version: 1.2.6
    Found link https://pypi.python.org/packages/source/D/Django/Django-1.2.7.tar.gz#md5=902fe294a2f7b16e5e1dee42d458c2ba (from https://pypi.python.org/simple/Django/), version: 1.2.7
    Found link https://pypi.python.org/packages/source/D/Django/Django-1.2.tar.gz#md5=98fa833fdabcdd78d00245aead66c174 (from https://pypi.python.org/simple/Django/), version: 1.2
    Found link https://pypi.python.org/packages/source/D/Django/Django-1.3.1.tar.gz#md5=62d8642fd06b9a0bf8544178f8500767 (from https://pypi.python.org/simple/Django/), version: 1.3.1
    Found link https://pypi.python.org/packages/source/D/Django/Django-1.3.2.tar.gz#md5=b8409b8f061e6c7a7dcfbb24403cb863 (from https://pypi.python.org/simple/Django/), version: 1.3.2
    Found link https://pypi.python.org/packages/source/D/Django/Django-1.3.3.tar.gz#md5=cbdd86f553b26459352e26ae643fd7c1 (from https://pypi.python.org/simple/Django/), version: 1.3.3
    Found link https://pypi.python.org/packages/source/D/Django/Django-1.3.4.tar.gz#md5=9a610a40ee5fcc4ca283fb499e265936 (from https://pypi.python.org/simple/Django/), version: 1.3.4
    Found link https://pypi.python.org/packages/source/D/Django/Django-1.3.5.tar.gz#md5=ec0ae9edb2ed6f9ffa65007110232637 (from https://pypi.python.org/simple/Django/), version: 1.3.5
    Found link https://pypi.python.org/packages/source/D/Django/Django-1.3.6.tar.gz#md5=357dbedf41ba6db990fd4be7c86cd80d (from https://pypi.python.org/simple/Django/), version: 1.3.6
    Found link https://pypi.python.org/packages/source/D/Django/Django-1.3.7.tar.gz#md5=f6720daa392d73d4df8847b41909fd43 (from https://pypi.python.org/simple/Django/), version: 1.3.7
    Found link https://pypi.python.org/packages/source/D/Django/Django-1.3.tar.gz#md5=1b8f76e91c27564708649671f329551f (from https://pypi.python.org/simple/Django/), version: 1.3
    Found link https://pypi.python.org/packages/source/D/Django/Django-1.4.1.tar.gz#md5=e345268dacff12876ae4e45de0a61b7d (from https://pypi.python.org/simple/Django/), version: 1.4.1
    Found link https://pypi.python.org/packages/source/D/Django/Django-1.4.10.tar.gz#md5=d324aecc37ce5430f548653b8b1509b6 (from https://pypi.python.org/simple/Django/), version: 1.4.10
    Found link https://pypi.python.org/packages/source/D/Django/Django-1.4.2.tar.gz#md5=6ffecdc01ad360e1abdca1015ae0893a (from https://pypi.python.org/simple/Django/), version: 1.4.2
    Found link https://pypi.python.org/packages/source/D/Django/Django-1.4.3.tar.gz#md5=0b134c44b6dc8eb36822677ef506c9ab (from https://pypi.python.org/simple/Django/), version: 1.4.3
    Found link https://pypi.python.org/packages/source/D/Django/Django-1.4.4.tar.gz#md5=833f531479948201f0f0a3b5b5972565 (from https://pypi.python.org/simple/Django/), version: 1.4.4
    Found link https://pypi.python.org/packages/source/D/Django/Django-1.4.5.tar.gz#md5=851d00905eb70e4aa6384b3b8b111fb7 (from https://pypi.python.org/simple/Django/), version: 1.4.5
    Found link https://pypi.python.org/packages/source/D/Django/Django-1.4.6.tar.gz#md5=5c222ba388f8729151f2fda6be20af90 (from https://pypi.python.org/simple/Django/), version: 1.4.6
    Found link https://pypi.python.org/packages/source/D/Django/Django-1.4.7.tar.gz#md5=28da2e8111ff951adbfce0651f945326 (from https://pypi.python.org/simple/Django/), version: 1.4.7
    Found link https://pypi.python.org/packages/source/D/Django/Django-1.4.8.tar.gz#md5=7075e08ef06155e07002189b837cde85 (from https://pypi.python.org/simple/Django/), version: 1.4.8
    Found link https://pypi.python.org/packages/source/D/Django/Django-1.4.9.tar.gz#md5=cc0c9752b46de362bd2114a65871330f (from https://pypi.python.org/simple/Django/), version: 1.4.9
    Found link https://pypi.python.org/packages/source/D/Django/Django-1.4.tar.gz#md5=ba8e86198a93c196015df0b363ab1109 (from https://pypi.python.org/simple/Django/), version: 1.4
    Found link https://pypi.python.org/packages/source/D/Django/Django-1.5.1.tar.gz#md5=7465f6383264ba167a9a031d6b058bff (from https://pypi.python.org/simple/Django/), version: 1.5.1
    Found link https://pypi.python.org/packages/source/D/Django/Django-1.5.2.tar.gz#md5=26e83e6394a15a86212777d5f61eae86 (from https://pypi.python.org/simple/Django/), version: 1.5.2
    Found link https://pypi.python.org/packages/source/D/Django/Django-1.5.3.tar.gz#md5=1581e28b4aeb269c34a9b0417e103aaa (from https://pypi.python.org/simple/Django/), version: 1.5.3
    Found link https://pypi.python.org/packages/source/D/Django/Django-1.5.4.tar.gz#md5=b2685469bb4d1fbb091316e21f4108de (from https://pypi.python.org/simple/Django/), version: 1.5.4
    Found link https://pypi.python.org/packages/source/D/Django/Django-1.5.5.tar.gz#md5=e33355ee4bb2cbb4ab3954d3dff5eddd (from https://pypi.python.org/simple/Django/), version: 1.5.5
    Found link https://pypi.python.org/packages/source/D/Django/Django-1.5.tar.gz#md5=fac09e1e0f11bb83bb187d652a9be967 (from https://pypi.python.org/simple/Django/), version: 1.5
    Found link https://pypi.python.org/packages/source/D/Django/Django-1.6.1.tar.gz#md5=3ea7a00ea9e7a014e8a4067dd6466a1b (from https://pypi.python.org/simple/Django/), version: 1.6.1
    Found link https://pypi.python.org/packages/source/D/Django/Django-1.6.2.tar.gz#md5=45d974c623b3bfbf9976f3d808fe1ee9 (from https://pypi.python.org/simple/Django/), version: 1.6.2
    Found link https://pypi.python.org/packages/source/D/Django/Django-1.6.tar.gz#md5=65db1bc313124c3754c89073942e38a8 (from https://pypi.python.org/simple/Django/), version: 1.6
  Ignoring link https://pypi.python.org/packages/source/D/Django/Django-1.1.3.tar.gz#md5=52848c23dbc120fe0b2a8e7189b20306 (from https://pypi.python.org/simple/Django/), version 1.1.3 doesn't match ==1.6.2
  Ignoring link https://pypi.python.org/packages/source/D/Django/Django-1.1.4.tar.gz#md5=e818668acc4de944f85e494ac80f1e7d (from https://pypi.python.org/simple/Django/), version 1.1.4 doesn't match ==1.6.2
  Ignoring link https://pypi.python.org/packages/source/D/Django/Django-1.2.1.tar.gz#md5=2351efb20f6b7b5d9ce80fa4cb1bd9ca (from https://pypi.python.org/simple/Django/), version 1.2.1 doesn't match ==1.6.2
  Ignoring link https://pypi.python.org/packages/source/D/Django/Django-1.2.2.tar.gz#md5=9cdbf79a31988ace9ef2ab4ede890136 (from https://pypi.python.org/simple/Django/), version 1.2.2 doesn't match ==1.6.2
  Ignoring link https://pypi.python.org/packages/source/D/Django/Django-1.2.3.tar.gz#md5=10bfb5831bcb4d3b1e6298d0e41d6603 (from https://pypi.python.org/simple/Django/), version 1.2.3 doesn't match ==1.6.2
  Ignoring link https://pypi.python.org/packages/source/D/Django/Django-1.2.4.tar.gz#md5=b0e67d3d6447f7eb1ce6392b9465a183 (from https://pypi.python.org/simple/Django/), version 1.2.4 doesn't match ==1.6.2
  Ignoring link https://pypi.python.org/packages/source/D/Django/Django-1.2.5.tar.gz#md5=e031ea3d00996035e49e4bfa86e07c40 (from https://pypi.python.org/simple/Django/), version 1.2.5 doesn't match ==1.6.2
  Ignoring link https://pypi.python.org/packages/source/D/Django/Django-1.2.6.tar.gz#md5=bff9fc7d871c0b5e6ce1a7babd16847b (from https://pypi.python.org/simple/Django/), version 1.2.6 doesn't match ==1.6.2
  Ignoring link https://pypi.python.org/packages/source/D/Django/Django-1.2.7.tar.gz#md5=902fe294a2f7b16e5e1dee42d458c2ba (from https://pypi.python.org/simple/Django/), version 1.2.7 doesn't match ==1.6.2
  Ignoring link https://pypi.python.org/packages/source/D/Django/Django-1.2.tar.gz#md5=98fa833fdabcdd78d00245aead66c174 (from https://pypi.python.org/simple/Django/), version 1.2 doesn't match ==1.6.2
  Ignoring link https://pypi.python.org/packages/source/D/Django/Django-1.3.1.tar.gz#md5=62d8642fd06b9a0bf8544178f8500767 (from https://pypi.python.org/simple/Django/), version 1.3.1 doesn't match ==1.6.2
  Ignoring link https://pypi.python.org/packages/source/D/Django/Django-1.3.2.tar.gz#md5=b8409b8f061e6c7a7dcfbb24403cb863 (from https://pypi.python.org/simple/Django/), version 1.3.2 doesn't match ==1.6.2
  Ignoring link https://pypi.python.org/packages/source/D/Django/Django-1.3.3.tar.gz#md5=cbdd86f553b26459352e26ae643fd7c1 (from https://pypi.python.org/simple/Django/), version 1.3.3 doesn't match ==1.6.2
  Ignoring link https://pypi.python.org/packages/source/D/Django/Django-1.3.4.tar.gz#md5=9a610a40ee5fcc4ca283fb499e265936 (from https://pypi.python.org/simple/Django/), version 1.3.4 doesn't match ==1.6.2
  Ignoring link https://pypi.python.org/packages/source/D/Django/Django-1.3.5.tar.gz#md5=ec0ae9edb2ed6f9ffa65007110232637 (from https://pypi.python.org/simple/Django/), version 1.3.5 doesn't match ==1.6.2
  Ignoring link https://pypi.python.org/packages/source/D/Django/Django-1.3.6.tar.gz#md5=357dbedf41ba6db990fd4be7c86cd80d (from https://pypi.python.org/simple/Django/), version 1.3.6 doesn't match ==1.6.2
  Ignoring link https://pypi.python.org/packages/source/D/Django/Django-1.3.7.tar.gz#md5=f6720daa392d73d4df8847b41909fd43 (from https://pypi.python.org/simple/Django/), version 1.3.7 doesn't match ==1.6.2
  Ignoring link https://pypi.python.org/packages/source/D/Django/Django-1.3.tar.gz#md5=1b8f76e91c27564708649671f329551f (from https://pypi.python.org/simple/Django/), version 1.3 doesn't match ==1.6.2
  Ignoring link https://pypi.python.org/packages/source/D/Django/Django-1.4.1.tar.gz#md5=e345268dacff12876ae4e45de0a61b7d (from https://pypi.python.org/simple/Django/), version 1.4.1 doesn't match ==1.6.2
  Ignoring link https://pypi.python.org/packages/source/D/Django/Django-1.4.10.tar.gz#md5=d324aecc37ce5430f548653b8b1509b6 (from https://pypi.python.org/simple/Django/), version 1.4.10 doesn't match ==1.6.2
  Ignoring link https://pypi.python.org/packages/source/D/Django/Django-1.4.2.tar.gz#md5=6ffecdc01ad360e1abdca1015ae0893a (from https://pypi.python.org/simple/Django/), version 1.4.2 doesn't match ==1.6.2
  Ignoring link https://pypi.python.org/packages/source/D/Django/Django-1.4.3.tar.gz#md5=0b134c44b6dc8eb36822677ef506c9ab (from https://pypi.python.org/simple/Django/), version 1.4.3 doesn't match ==1.6.2
  Ignoring link https://pypi.python.org/packages/source/D/Django/Django-1.4.4.tar.gz#md5=833f531479948201f0f0a3b5b5972565 (from https://pypi.python.org/simple/Django/), version 1.4.4 doesn't match ==1.6.2
  Ignoring link https://pypi.python.org/packages/source/D/Django/Django-1.4.5.tar.gz#md5=851d00905eb70e4aa6384b3b8b111fb7 (from https://pypi.python.org/simple/Django/), version 1.4.5 doesn't match ==1.6.2
  Ignoring link https://pypi.python.org/packages/source/D/Django/Django-1.4.6.tar.gz#md5=5c222ba388f8729151f2fda6be20af90 (from https://pypi.python.org/simple/Django/), version 1.4.6 doesn't match ==1.6.2
  Ignoring link https://pypi.python.org/packages/source/D/Django/Django-1.4.7.tar.gz#md5=28da2e8111ff951adbfce0651f945326 (from https://pypi.python.org/simple/Django/), version 1.4.7 doesn't match ==1.6.2
  Ignoring link https://pypi.python.org/packages/source/D/Django/Django-1.4.8.tar.gz#md5=7075e08ef06155e07002189b837cde85 (from https://pypi.python.org/simple/Django/), version 1.4.8 doesn't match ==1.6.2
  Ignoring link https://pypi.python.org/packages/source/D/Django/Django-1.4.9.tar.gz#md5=cc0c9752b46de362bd2114a65871330f (from https://pypi.python.org/simple/Django/), version 1.4.9 doesn't match ==1.6.2
  Ignoring link https://pypi.python.org/packages/source/D/Django/Django-1.4.tar.gz#md5=ba8e86198a93c196015df0b363ab1109 (from https://pypi.python.org/simple/Django/), version 1.4 doesn't match ==1.6.2
  Ignoring link https://pypi.python.org/packages/source/D/Django/Django-1.5.1.tar.gz#md5=7465f6383264ba167a9a031d6b058bff (from https://pypi.python.org/simple/Django/), version 1.5.1 doesn't match ==1.6.2
  Ignoring link https://pypi.python.org/packages/source/D/Django/Django-1.5.2.tar.gz#md5=26e83e6394a15a86212777d5f61eae86 (from https://pypi.python.org/simple/Django/), version 1.5.2 doesn't match ==1.6.2
  Ignoring link https://pypi.python.org/packages/source/D/Django/Django-1.5.3.tar.gz#md5=1581e28b4aeb269c34a9b0417e103aaa (from https://pypi.python.org/simple/Django/), version 1.5.3 doesn't match ==1.6.2
  Ignoring link https://pypi.python.org/packages/source/D/Django/Django-1.5.4.tar.gz#md5=b2685469bb4d1fbb091316e21f4108de (from https://pypi.python.org/simple/Django/), version 1.5.4 doesn't match ==1.6.2
  Ignoring link https://pypi.python.org/packages/source/D/Django/Django-1.5.5.tar.gz#md5=e33355ee4bb2cbb4ab3954d3dff5eddd (from https://pypi.python.org/simple/Django/), version 1.5.5 doesn't match ==1.6.2
  Ignoring link https://pypi.python.org/packages/source/D/Django/Django-1.5.tar.gz#md5=fac09e1e0f11bb83bb187d652a9be967 (from https://pypi.python.org/simple/Django/), version 1.5 doesn't match ==1.6.2
  Ignoring link https://pypi.python.org/packages/source/D/Django/Django-1.6.1.tar.gz#md5=3ea7a00ea9e7a014e8a4067dd6466a1b (from https://pypi.python.org/simple/Django/), version 1.6.1 doesn't match ==1.6.2
  Ignoring link https://pypi.python.org/packages/source/D/Django/Django-1.6.tar.gz#md5=65db1bc313124c3754c89073942e38a8 (from https://pypi.python.org/simple/Django/), version 1.6 doesn't match ==1.6.2
  Downloading from URL https://pypi.python.org/packages/source/D/Django/Django-1.6.2.tar.gz#md5=45d974c623b3bfbf9976f3d808fe1ee9 (from https://pypi.python.org/simple/Django/)
  Running setup.py egg_info for package Django

    running egg_info
    creating pip-egg-info/Django.egg-info
    writing pip-egg-info/Django.egg-info/PKG-INFO
    writing top-level names to pip-egg-info/Django.egg-info/top_level.txt
    writing dependency_links to pip-egg-info/Django.egg-info/dependency_links.txt
    writing manifest file 'pip-egg-info/Django.egg-info/SOURCES.txt'
    warning: manifest_maker: standard file '-c' not found
    

    reading manifest file 'pip-egg-info/Django.egg-info/SOURCES.txt'
    reading manifest template 'MANIFEST.in'
    warning: no previously-included files matching '__pycache__' found under directory '*'

    warning: no previously-included files matching '*.py[co]' found under directory '*'

    writing manifest file 'pip-egg-info/Django.egg-info/SOURCES.txt'
Installing collected packages: Django

  Found existing installation: Django 1.4.5

    Uninstalling Django:

      Removing file or directory /usr/share/pyshared/Django-1.4.5.egg-info
Exception:
Traceback (most recent call last):
  File "/usr/lib/python2.7/dist-packages/pip/basecommand.py", line 104, in main
    status = self.run(options, args)
  File "/usr/lib/python2.7/dist-packages/pip/commands/install.py", line 250, in run
    requirement_set.install(install_options, global_options)
  File "/usr/lib/python2.7/dist-packages/pip/req.py", line 1129, in install
    requirement.uninstall(auto_confirm=True)
  File "/usr/lib/python2.7/dist-packages/pip/req.py", line 486, in uninstall
    paths_to_remove.remove(auto_confirm)
  File "/usr/lib/python2.7/dist-packages/pip/req.py", line 1431, in remove
    renames(path, new_path)
  File "/usr/lib/python2.7/dist-packages/pip/util.py", line 263, in renames
    shutil.move(old, new)
  File "/usr/lib/python2.7/shutil.py", line 302, in move
    os.unlink(src)
OSError: [Errno 13] Permission denied: '/usr/share/pyshared/Django-1.4.5.egg-info'

